2018-06-15 15:20:45 - PHP Warning:  Illegal string offset 'href' in D:\OpenServer\domains\vershina92.loc\catalog\view\theme\vershina\template\common\footer.tpl on line 37
2018-06-15 15:20:45 - PHP Warning:  Illegal string offset 'name' in D:\OpenServer\domains\vershina92.loc\catalog\view\theme\vershina\template\common\footer.tpl on line 37
2018-06-15 15:20:45 - PHP Notice:  Undefined index: href in D:\OpenServer\domains\vershina92.loc\catalog\view\theme\vershina\template\common\footer.tpl on line 37
2018-06-15 15:20:45 - PHP Notice:  Undefined index: name in D:\OpenServer\domains\vershina92.loc\catalog\view\theme\vershina\template\common\footer.tpl on line 37
2018-06-15 15:20:45 - PHP Warning:  Illegal string offset 'href' in D:\OpenServer\domains\vershina92.loc\catalog\view\theme\vershina\template\common\footer.tpl on line 37
2018-06-15 15:20:45 - PHP Warning:  Illegal string offset 'name' in D:\OpenServer\domains\vershina92.loc\catalog\view\theme\vershina\template\common\footer.tpl on line 37
2018-06-15 15:20:45 - PHP Warning:  Illegal string offset 'href' in D:\OpenServer\domains\vershina92.loc\catalog\view\theme\vershina\template\common\footer.tpl on line 37
2018-06-15 15:20:45 - PHP Warning:  Illegal string offset 'name' in D:\OpenServer\domains\vershina92.loc\catalog\view\theme\vershina\template\common\footer.tpl on line 37
2018-06-15 15:20:45 - PHP Warning:  Illegal string offset 'href' in D:\OpenServer\domains\vershina92.loc\catalog\view\theme\vershina\template\common\footer.tpl on line 37
2018-06-15 15:20:45 - PHP Warning:  Illegal string offset 'name' in D:\OpenServer\domains\vershina92.loc\catalog\view\theme\vershina\template\common\footer.tpl on line 37
2018-06-15 15:20:45 - PHP Notice:  Undefined index: href in D:\OpenServer\domains\vershina92.loc\catalog\view\theme\vershina\template\common\footer.tpl on line 37
2018-06-15 15:20:45 - PHP Notice:  Undefined index: name in D:\OpenServer\domains\vershina92.loc\catalog\view\theme\vershina\template\common\footer.tpl on line 37
2018-06-15 15:20:45 - PHP Warning:  Illegal string offset 'href' in D:\OpenServer\domains\vershina92.loc\catalog\view\theme\vershina\template\common\footer.tpl on line 37
2018-06-15 15:20:45 - PHP Warning:  Illegal string offset 'name' in D:\OpenServer\domains\vershina92.loc\catalog\view\theme\vershina\template\common\footer.tpl on line 37
2018-06-15 15:20:45 - PHP Warning:  Illegal string offset 'href' in D:\OpenServer\domains\vershina92.loc\catalog\view\theme\vershina\template\common\footer.tpl on line 37
2018-06-15 15:20:45 - PHP Warning:  Illegal string offset 'name' in D:\OpenServer\domains\vershina92.loc\catalog\view\theme\vershina\template\common\footer.tpl on line 37
2018-06-15 15:20:45 - PHP Notice:  Undefined index: href in D:\OpenServer\domains\vershina92.loc\catalog\view\theme\vershina\template\common\footer.tpl on line 37
2018-06-15 15:20:45 - PHP Notice:  Undefined index: name in D:\OpenServer\domains\vershina92.loc\catalog\view\theme\vershina\template\common\footer.tpl on line 37
2018-06-15 15:20:45 - PHP Warning:  Illegal string offset 'href' in D:\OpenServer\domains\vershina92.loc\catalog\view\theme\vershina\template\common\footer.tpl on line 37
2018-06-15 15:20:45 - PHP Warning:  Illegal string offset 'name' in D:\OpenServer\domains\vershina92.loc\catalog\view\theme\vershina\template\common\footer.tpl on line 37
2018-06-15 15:20:45 - PHP Warning:  Illegal string offset 'href' in D:\OpenServer\domains\vershina92.loc\catalog\view\theme\vershina\template\common\footer.tpl on line 37
2018-06-15 15:20:45 - PHP Warning:  Illegal string offset 'name' in D:\OpenServer\domains\vershina92.loc\catalog\view\theme\vershina\template\common\footer.tpl on line 37
2018-06-15 15:21:15 - PHP Warning:  Illegal string offset 'href' in D:\OpenServer\domains\vershina92.loc\catalog\view\theme\vershina\template\common\footer.tpl on line 37
2018-06-15 15:21:15 - PHP Notice:  Undefined index: href in D:\OpenServer\domains\vershina92.loc\catalog\view\theme\vershina\template\common\footer.tpl on line 37
2018-06-15 15:21:15 - PHP Warning:  Illegal string offset 'href' in D:\OpenServer\domains\vershina92.loc\catalog\view\theme\vershina\template\common\footer.tpl on line 37
2018-06-15 15:21:15 - PHP Warning:  Illegal string offset 'href' in D:\OpenServer\domains\vershina92.loc\catalog\view\theme\vershina\template\common\footer.tpl on line 37
2018-06-15 15:21:15 - PHP Warning:  Illegal string offset 'href' in D:\OpenServer\domains\vershina92.loc\catalog\view\theme\vershina\template\common\footer.tpl on line 37
2018-06-15 15:21:15 - PHP Notice:  Undefined index: href in D:\OpenServer\domains\vershina92.loc\catalog\view\theme\vershina\template\common\footer.tpl on line 37
2018-06-15 15:21:15 - PHP Warning:  Illegal string offset 'href' in D:\OpenServer\domains\vershina92.loc\catalog\view\theme\vershina\template\common\footer.tpl on line 37
2018-06-15 15:21:15 - PHP Warning:  Illegal string offset 'href' in D:\OpenServer\domains\vershina92.loc\catalog\view\theme\vershina\template\common\footer.tpl on line 37
2018-06-15 15:21:15 - PHP Notice:  Undefined index: href in D:\OpenServer\domains\vershina92.loc\catalog\view\theme\vershina\template\common\footer.tpl on line 37
2018-06-15 15:21:15 - PHP Warning:  Illegal string offset 'href' in D:\OpenServer\domains\vershina92.loc\catalog\view\theme\vershina\template\common\footer.tpl on line 37
2018-06-15 15:21:15 - PHP Warning:  Illegal string offset 'href' in D:\OpenServer\domains\vershina92.loc\catalog\view\theme\vershina\template\common\footer.tpl on line 37
2018-06-15 15:21:49 - PHP Warning:  Illegal string offset 'href' in D:\OpenServer\domains\vershina92.loc\catalog\view\theme\vershina\template\common\footer.tpl on line 37
2018-06-15 15:21:49 - PHP Warning:  Illegal string offset 'href' in D:\OpenServer\domains\vershina92.loc\catalog\view\theme\vershina\template\common\footer.tpl on line 37
2018-06-15 15:21:49 - PHP Warning:  Illegal string offset 'href' in D:\OpenServer\domains\vershina92.loc\catalog\view\theme\vershina\template\common\footer.tpl on line 37
2018-06-15 15:21:49 - PHP Warning:  Illegal string offset 'href' in D:\OpenServer\domains\vershina92.loc\catalog\view\theme\vershina\template\common\footer.tpl on line 37
2018-06-15 15:21:49 - PHP Warning:  Illegal string offset 'href' in D:\OpenServer\domains\vershina92.loc\catalog\view\theme\vershina\template\common\footer.tpl on line 37
2018-06-15 15:21:49 - PHP Warning:  Illegal string offset 'href' in D:\OpenServer\domains\vershina92.loc\catalog\view\theme\vershina\template\common\footer.tpl on line 37
2018-06-15 15:21:49 - PHP Warning:  Illegal string offset 'href' in D:\OpenServer\domains\vershina92.loc\catalog\view\theme\vershina\template\common\footer.tpl on line 37
2018-06-15 15:21:49 - PHP Warning:  Illegal string offset 'href' in D:\OpenServer\domains\vershina92.loc\catalog\view\theme\vershina\template\common\footer.tpl on line 37
2018-06-15 15:22:03 - PHP Warning:  Illegal string offset 'href' in D:\OpenServer\domains\vershina92.loc\catalog\view\theme\vershina\template\common\footer.tpl on line 37
2018-06-15 15:22:03 - PHP Warning:  Illegal string offset 'name' in D:\OpenServer\domains\vershina92.loc\catalog\view\theme\vershina\template\common\footer.tpl on line 37
2018-06-15 15:22:03 - PHP Warning:  Illegal string offset 'href' in D:\OpenServer\domains\vershina92.loc\catalog\view\theme\vershina\template\common\footer.tpl on line 37
2018-06-15 15:22:03 - PHP Warning:  Illegal string offset 'name' in D:\OpenServer\domains\vershina92.loc\catalog\view\theme\vershina\template\common\footer.tpl on line 37
2018-06-15 15:22:03 - PHP Warning:  Illegal string offset 'href' in D:\OpenServer\domains\vershina92.loc\catalog\view\theme\vershina\template\common\footer.tpl on line 37
2018-06-15 15:22:03 - PHP Warning:  Illegal string offset 'name' in D:\OpenServer\domains\vershina92.loc\catalog\view\theme\vershina\template\common\footer.tpl on line 37
2018-06-15 15:22:03 - PHP Warning:  Illegal string offset 'href' in D:\OpenServer\domains\vershina92.loc\catalog\view\theme\vershina\template\common\footer.tpl on line 37
2018-06-15 15:22:03 - PHP Warning:  Illegal string offset 'name' in D:\OpenServer\domains\vershina92.loc\catalog\view\theme\vershina\template\common\footer.tpl on line 37
2018-06-15 15:22:03 - PHP Warning:  Illegal string offset 'href' in D:\OpenServer\domains\vershina92.loc\catalog\view\theme\vershina\template\common\footer.tpl on line 37
2018-06-15 15:22:03 - PHP Warning:  Illegal string offset 'name' in D:\OpenServer\domains\vershina92.loc\catalog\view\theme\vershina\template\common\footer.tpl on line 37
2018-06-15 15:22:03 - PHP Warning:  Illegal string offset 'href' in D:\OpenServer\domains\vershina92.loc\catalog\view\theme\vershina\template\common\footer.tpl on line 37
2018-06-15 15:22:03 - PHP Warning:  Illegal string offset 'name' in D:\OpenServer\domains\vershina92.loc\catalog\view\theme\vershina\template\common\footer.tpl on line 37
2018-06-15 15:22:03 - PHP Warning:  Illegal string offset 'href' in D:\OpenServer\domains\vershina92.loc\catalog\view\theme\vershina\template\common\footer.tpl on line 37
2018-06-15 15:22:03 - PHP Warning:  Illegal string offset 'name' in D:\OpenServer\domains\vershina92.loc\catalog\view\theme\vershina\template\common\footer.tpl on line 37
2018-06-15 15:22:03 - PHP Warning:  Illegal string offset 'href' in D:\OpenServer\domains\vershina92.loc\catalog\view\theme\vershina\template\common\footer.tpl on line 37
2018-06-15 15:22:03 - PHP Warning:  Illegal string offset 'name' in D:\OpenServer\domains\vershina92.loc\catalog\view\theme\vershina\template\common\footer.tpl on line 37
2018-06-15 15:22:15 - PHP Warning:  Illegal string offset 'href' in D:\OpenServer\domains\vershina92.loc\catalog\view\theme\vershina\template\common\footer.tpl on line 37
2018-06-15 15:22:15 - PHP Warning:  Illegal string offset 'href' in D:\OpenServer\domains\vershina92.loc\catalog\view\theme\vershina\template\common\footer.tpl on line 37
2018-06-15 15:22:15 - PHP Warning:  Illegal string offset 'href' in D:\OpenServer\domains\vershina92.loc\catalog\view\theme\vershina\template\common\footer.tpl on line 37
2018-06-15 15:22:15 - PHP Warning:  Illegal string offset 'href' in D:\OpenServer\domains\vershina92.loc\catalog\view\theme\vershina\template\common\footer.tpl on line 37
2018-06-15 15:22:15 - PHP Warning:  Illegal string offset 'href' in D:\OpenServer\domains\vershina92.loc\catalog\view\theme\vershina\template\common\footer.tpl on line 37
2018-06-15 15:22:15 - PHP Warning:  Illegal string offset 'href' in D:\OpenServer\domains\vershina92.loc\catalog\view\theme\vershina\template\common\footer.tpl on line 37
2018-06-15 15:22:15 - PHP Warning:  Illegal string offset 'href' in D:\OpenServer\domains\vershina92.loc\catalog\view\theme\vershina\template\common\footer.tpl on line 37
2018-06-15 15:22:15 - PHP Warning:  Illegal string offset 'href' in D:\OpenServer\domains\vershina92.loc\catalog\view\theme\vershina\template\common\footer.tpl on line 37
2018-06-15 15:50:46 - PHP Notice:  Undefined variable: config_information_c in D:\OpenServer\domains\vershina92.loc\admin\view\template\setting\setting.tpl on line 181
2018-06-15 15:51:51 - PHP Notice:  Undefined variable: config_information_c in D:\OpenServer\domains\vershina92.loc\admin\view\template\setting\setting.tpl on line 181
2018-06-15 15:52:14 - PHP Notice:  Undefined variable: config_information_c in D:\OpenServer\domains\vershina92.loc\admin\view\template\setting\setting.tpl on line 181
2018-06-15 15:52:19 - PHP Notice:  Undefined variable: config_information_c in D:\OpenServer\domains\vershina92.loc\admin\view\template\setting\setting.tpl on line 181
2018-06-15 15:52:49 - PHP Notice:  Undefined variable: config_information_c in D:\OpenServer\domains\vershina92.loc\admin\view\template\setting\setting.tpl on line 181
2018-06-15 15:53:05 - PHP Notice:  Undefined variable: config_information_c in D:\OpenServer\domains\vershina92.loc\admin\view\template\setting\setting.tpl on line 181
2018-06-15 15:53:15 - PHP Notice:  Undefined variable: config_information_c in D:\OpenServer\domains\vershina92.loc\admin\view\template\setting\setting.tpl on line 181
2018-06-15 15:53:46 - PHP Notice:  Undefined variable: config_information_c in D:\OpenServer\domains\vershina92.loc\admin\view\template\setting\setting.tpl on line 181
2018-06-15 15:53:57 - PHP Notice:  Undefined variable: config_information_c in D:\OpenServer\domains\vershina92.loc\admin\view\template\setting\setting.tpl on line 181
2018-06-15 16:26:04 - PHP Notice:  Undefined variable: heading_title in D:\OpenServer\domains\vershina92.loc\catalog\view\theme\vershina\template\common\search.tpl on line 2
2018-06-18 15:20:07 - PHP Warning:  sprintf(): Too few arguments in D:\OpenServer\domains\vershina92.loc\catalog\controller\checkout\cart.php on line 403
2018-06-18 15:20:28 - PHP Warning:  sprintf(): Too few arguments in D:\OpenServer\domains\vershina92.loc\catalog\controller\checkout\cart.php on line 403
2018-06-18 15:21:09 - PHP Notice:  Undefined variable: text_items in D:\OpenServer\domains\vershina92.loc\catalog\view\theme\vershina\template\common\cart.tpl on line 2
2018-06-18 15:22:40 - PHP Warning:  sprintf(): Too few arguments in D:\OpenServer\domains\vershina92.loc\catalog\controller\checkout\cart.php on line 403
2018-06-18 16:34:48 - PHP Notice:  Undefined variable: action in D:\OpenServer\domains\vershina92.loc\catalog\view\theme\vershina\template\common\footer.tpl on line 93
2018-06-18 16:34:57 - PHP Notice:  Undefined variable: action in D:\OpenServer\domains\vershina92.loc\catalog\view\theme\vershina\template\common\footer.tpl on line 93
2018-06-18 16:35:03 - PHP Notice:  Undefined variable: action in D:\OpenServer\domains\vershina92.loc\catalog\view\theme\vershina\template\common\footer.tpl on line 93
2018-06-18 16:39:27 - PHP Notice:  Undefined variable: name in D:\OpenServer\domains\vershina92.loc\catalog\view\theme\vershina\template\common\footer.tpl on line 94
2018-06-18 16:39:27 - PHP Notice:  Undefined variable: phone in D:\OpenServer\domains\vershina92.loc\catalog\view\theme\vershina\template\common\footer.tpl on line 95
2018-06-18 16:41:10 - PHP Notice:  Undefined index: email in D:\OpenServer\domains\vershina92.loc\catalog\controller\common\footer.php on line 281
2018-06-20 11:21:44 - PHP Notice:  Undefined index: separator in D:\OpenServer\domains\vershina92.loc\catalog\view\theme\vershina\template\information\information.tpl on line 18
2018-06-20 12:10:02 - PHP Notice:  Undefined index: separator in D:\OpenServer\domains\vershina92.loc\catalog\view\theme\vershina\template\information\information.tpl on line 17
2018-06-20 12:10:02 - PHP Notice:  Undefined index: separator in D:\OpenServer\domains\vershina92.loc\catalog\view\theme\vershina\template\information\information.tpl on line 22
