2018-07-31 14:49:19 - MOD: Modification Default

FILE: system/engine/action.php
REGEX: ~(require|include)(_once)?\(([^)]+)~
LINE: 46

FILE: system/engine/loader.php
REGEX: ~(require|include)(_once)?\(([^)]+)~
LINE: 54
LINE: 113
LINE: 125
LINE: 170

FILE: system/library/config.php
REGEX: ~(require|include)(_once)?\(([^)]+)~
LINE: 28

FILE: system/library/language.php
REGEX: ~(require|include)(_once)?\(([^)]+)~
LINE: 43
LINE: 45
LINE: 54
LINE: 56
LINE: 65
LINE: 67

FILE: system/library/template/php.php
REGEX: ~(require|include)(_once)?\(([^)]+)~
LINE: 23

FILE: system/library/template/tiwg.php
REGEX: ~(require|include)(_once)?\(([^)]+)~
LINE: 29
----------------------------------------------------------------
MOD: CMS

FILE: catalog/view/theme/vershina/template/common/header.tpl
CODE: <base href="<?php echo $base; ?>" />
LINE: 14

FILE: catalog/view/theme/vershina/template/common/footer.tpl
CODE: <li><a href="<?php echo $special; ?>"><?php echo $text_special; ?></a></li>
NOT FOUND - OPERATIONS ABORTED!
----------------------------------------------------------------
2018-07-31 14:51:50 - MOD: Modification Default

FILE: system/engine/action.php
REGEX: ~(require|include)(_once)?\(([^)]+)~
LINE: 46

FILE: system/engine/loader.php
REGEX: ~(require|include)(_once)?\(([^)]+)~
LINE: 54
LINE: 113
LINE: 125
LINE: 170

FILE: system/library/config.php
REGEX: ~(require|include)(_once)?\(([^)]+)~
LINE: 28

FILE: system/library/language.php
REGEX: ~(require|include)(_once)?\(([^)]+)~
LINE: 43
LINE: 45
LINE: 54
LINE: 56
LINE: 65
LINE: 67

FILE: system/library/template/php.php
REGEX: ~(require|include)(_once)?\(([^)]+)~
LINE: 23

FILE: system/library/template/tiwg.php
REGEX: ~(require|include)(_once)?\(([^)]+)~
LINE: 29
----------------------------------------------------------------
MOD: CMS

FILE: catalog/view/theme/vershina/template/common/header.tpl
CODE: <base href="<?php echo $base; ?>" />
LINE: 14

FILE: catalog/view/theme/vershina/template/common/footer.tpl
CODE: <li><a href="<?php echo $special; ?>"><?php echo $text_special; ?></a></li>
NOT FOUND - OPERATIONS ABORTED!
----------------------------------------------------------------
2018-07-31 14:51:50 - MOD: Modification Default

FILE: system/engine/action.php
REGEX: ~(require|include)(_once)?\(([^)]+)~
LINE: 46

FILE: system/engine/loader.php
REGEX: ~(require|include)(_once)?\(([^)]+)~
LINE: 54
LINE: 113
LINE: 125
LINE: 170

FILE: system/library/config.php
REGEX: ~(require|include)(_once)?\(([^)]+)~
LINE: 28

FILE: system/library/language.php
REGEX: ~(require|include)(_once)?\(([^)]+)~
LINE: 43
LINE: 45
LINE: 54
LINE: 56
LINE: 65
LINE: 67

FILE: system/library/template/php.php
REGEX: ~(require|include)(_once)?\(([^)]+)~
LINE: 23

FILE: system/library/template/tiwg.php
REGEX: ~(require|include)(_once)?\(([^)]+)~
LINE: 29
----------------------------------------------------------------
MOD: CMS

FILE: catalog/view/theme/vershina/template/common/header.tpl
CODE: <base href="<?php echo $base; ?>" />
LINE: 14

FILE: catalog/view/theme/vershina/template/common/footer.tpl
CODE: <li><a href="<?php echo $special; ?>"><?php echo $text_special; ?></a></li>
NOT FOUND - OPERATIONS ABORTED!
----------------------------------------------------------------
2018-07-31 15:04:28 - MOD: Modification Default

FILE: system/engine/action.php
REGEX: ~(require|include)(_once)?\(([^)]+)~
LINE: 46

FILE: system/engine/loader.php
REGEX: ~(require|include)(_once)?\(([^)]+)~
LINE: 54
LINE: 113
LINE: 125
LINE: 170

FILE: system/library/config.php
REGEX: ~(require|include)(_once)?\(([^)]+)~
LINE: 28

FILE: system/library/language.php
REGEX: ~(require|include)(_once)?\(([^)]+)~
LINE: 43
LINE: 45
LINE: 54
LINE: 56
LINE: 65
LINE: 67

FILE: system/library/template/php.php
REGEX: ~(require|include)(_once)?\(([^)]+)~
LINE: 23

FILE: system/library/template/tiwg.php
REGEX: ~(require|include)(_once)?\(([^)]+)~
LINE: 29
----------------------------------------------------------------
MOD: CMS

FILE: catalog/view/theme/vershina/template/common/header.tpl
CODE: <base href="<?php echo $base; ?>" />
LINE: 14

FILE: catalog/view/theme/vershina/template/common/footer.tpl
CODE: <li><a href="<?php echo $special; ?>"><?php echo $text_special; ?></a></li>
NOT FOUND - OPERATIONS ABORTED!
----------------------------------------------------------------
2018-07-31 15:04:41 - MOD: Modification Default

FILE: system/engine/action.php
REGEX: ~(require|include)(_once)?\(([^)]+)~
LINE: 46

FILE: system/engine/loader.php
REGEX: ~(require|include)(_once)?\(([^)]+)~
LINE: 54
LINE: 113
LINE: 125
LINE: 170

FILE: system/library/config.php
REGEX: ~(require|include)(_once)?\(([^)]+)~
LINE: 28

FILE: system/library/language.php
REGEX: ~(require|include)(_once)?\(([^)]+)~
LINE: 43
LINE: 45
LINE: 54
LINE: 56
LINE: 65
LINE: 67

FILE: system/library/template/php.php
REGEX: ~(require|include)(_once)?\(([^)]+)~
LINE: 23

FILE: system/library/template/tiwg.php
REGEX: ~(require|include)(_once)?\(([^)]+)~
LINE: 29
----------------------------------------------------------------
MOD: CMS

FILE: catalog/view/theme/vershina/template/common/header.tpl
CODE: <base href="<?php echo $base; ?>" />
LINE: 14

FILE: catalog/view/theme/vershina/template/common/footer.tpl
CODE: <li><a href="<?php echo $special; ?>"><?php echo $text_special; ?></a></li>
NOT FOUND - OPERATIONS ABORTED!
----------------------------------------------------------------
2018-07-31 15:22:06 - MOD: Modification Default

FILE: system/engine/action.php
REGEX: ~(require|include)(_once)?\(([^)]+)~
LINE: 46

FILE: system/engine/loader.php
REGEX: ~(require|include)(_once)?\(([^)]+)~
LINE: 54
LINE: 113
LINE: 125
LINE: 170

FILE: system/library/config.php
REGEX: ~(require|include)(_once)?\(([^)]+)~
LINE: 28

FILE: system/library/language.php
REGEX: ~(require|include)(_once)?\(([^)]+)~
LINE: 43
LINE: 45
LINE: 54
LINE: 56
LINE: 65
LINE: 67

FILE: system/library/template/php.php
REGEX: ~(require|include)(_once)?\(([^)]+)~
LINE: 23

FILE: system/library/template/tiwg.php
REGEX: ~(require|include)(_once)?\(([^)]+)~
LINE: 29
----------------------------------------------------------------
MOD: CMS

FILE: catalog/view/theme/vershina/template/common/header.tpl
CODE: <base href="<?php echo $base; ?>" />
LINE: 14

FILE: catalog/view/theme/vershina/template/common/footer.tpl
CODE: <li><a href="<?php echo $special; ?>"><?php echo $text_special; ?></a></li>
NOT FOUND - OPERATIONS ABORTED!
----------------------------------------------------------------
2018-07-31 16:06:42 - MOD: Modification Default

FILE: system/engine/action.php
REGEX: ~(require|include)(_once)?\(([^)]+)~
LINE: 46

FILE: system/engine/loader.php
REGEX: ~(require|include)(_once)?\(([^)]+)~
LINE: 54
LINE: 113
LINE: 125
LINE: 170

FILE: system/library/config.php
REGEX: ~(require|include)(_once)?\(([^)]+)~
LINE: 28

FILE: system/library/language.php
REGEX: ~(require|include)(_once)?\(([^)]+)~
LINE: 43
LINE: 45
LINE: 54
LINE: 56
LINE: 65
LINE: 67

FILE: system/library/template/php.php
REGEX: ~(require|include)(_once)?\(([^)]+)~
LINE: 23

FILE: system/library/template/tiwg.php
REGEX: ~(require|include)(_once)?\(([^)]+)~
LINE: 29
----------------------------------------------------------------
MOD: CMS

FILE: catalog/view/theme/vershina/template/common/header.tpl
CODE: <base href="<?php echo $base; ?>" />
LINE: 14

FILE: catalog/view/theme/vershina/template/common/footer.tpl
CODE: <li><a href="<?php echo $special; ?>"><?php echo $text_special; ?></a></li>
NOT FOUND - OPERATIONS ABORTED!
----------------------------------------------------------------
2018-07-31 16:14:20 - MOD: Modification Default

FILE: system/engine/action.php
REGEX: ~(require|include)(_once)?\(([^)]+)~
LINE: 46

FILE: system/engine/loader.php
REGEX: ~(require|include)(_once)?\(([^)]+)~
LINE: 54
LINE: 113
LINE: 125
LINE: 170

FILE: system/library/config.php
REGEX: ~(require|include)(_once)?\(([^)]+)~
LINE: 28

FILE: system/library/language.php
REGEX: ~(require|include)(_once)?\(([^)]+)~
LINE: 43
LINE: 45
LINE: 54
LINE: 56
LINE: 65
LINE: 67

FILE: system/library/template/php.php
REGEX: ~(require|include)(_once)?\(([^)]+)~
LINE: 23

FILE: system/library/template/tiwg.php
REGEX: ~(require|include)(_once)?\(([^)]+)~
LINE: 29
----------------------------------------------------------------
MOD: CMS

FILE: catalog/view/theme/vershina/template/common/header.tpl
CODE: <base href="<?php echo $base; ?>" />
LINE: 14

FILE: catalog/view/theme/vershina/template/common/footer.tpl
CODE: <li><a href="<?php echo $special; ?>"><?php echo $text_special; ?></a></li>
NOT FOUND - OPERATIONS ABORTED!
----------------------------------------------------------------
